gyp info it worked if it ends with ok
gyp info using node-gyp@8.4.1
gyp info using node@17.8.0 | linux | x64
gyp info find Python using Python version 3.8.10 found at "/usr/bin/python3"
gyp info spawn /usr/bin/python3
gyp info spawn args [
gyp info spawn args   '/home/maryanne/Documents/MORINGA/Core/Github-Search/node_modules/node-gyp/gyp/gyp_main.py',
gyp info spawn args   'binding.gyp',
gyp info spawn args   '-f',
gyp info spawn args   'make',
gyp info spawn args   '-I',
gyp info spawn args   '/home/maryanne/Documents/MORINGA/Core/Github-Search/node_modules/uws/build/config.gypi',
gyp info spawn args   '-I',
gyp info spawn args   '/home/maryanne/Documents/MORINGA/Core/Github-Search/node_modules/node-gyp/addon.gypi',
gyp info spawn args   '-I',
gyp info spawn args   '/home/maryanne/.cache/node-gyp/17.8.0/include/node/common.gypi',
gyp info spawn args   '-Dlibrary=shared_library',
gyp info spawn args   '-Dvisibility=default',
gyp info spawn args   '-Dnode_root_dir=/home/maryanne/.cache/node-gyp/17.8.0',
gyp info spawn args   '-Dnode_gyp_dir=/home/maryanne/Documents/MORINGA/Core/Github-Search/node_modules/node-gyp',
gyp info spawn args   '-Dnode_lib_file=/home/maryanne/.cache/node-gyp/17.8.0/<(target_arch)/node.lib',
gyp info spawn args   '-Dmodule_root_dir=/home/maryanne/Documents/MORINGA/Core/Github-Search/node_modules/uws',
gyp info spawn args   '-Dnode_engine=v8',
gyp info spawn args   '--depth=.',
gyp info spawn args   '--no-parallel',
gyp info spawn args   '--generator-output',
gyp info spawn args   'build',
gyp info spawn args   '-Goutput_dir=.'
gyp info spawn args ]
gyp info spawn make
gyp info spawn args [ 'BUILDTYPE=Release', '-C', 'build' ]
make: Entering directory '/home/maryanne/Documents/MORINGA/Core/Github-Search/node_modules/uws/build'
  CXX(target) Release/obj.target/uws/src/Extensions.o
  CXX(target) Release/obj.target/uws/src/Group.o
In file included from /home/maryanne/.cache/node-gyp/17.8.0/include/node/openssl/././archs/linux-x86_64/asm/include/openssl/opensslv.h:109,
                 from /home/maryanne/.cache/node-gyp/17.8.0/include/node/openssl/./opensslv_asm.h:11,
                 from /home/maryanne/.cache/node-gyp/17.8.0/include/node/openssl/opensslv.h:4,
                 from ../src/Networking.h:7,
                 from ../src/WebSocketProtocol.h:5,
                 from ../src/WebSocket.h:4,
                 from ../src/Group.h:4,
                 from ../src/Group.cpp:1:
/home/maryanne/.cache/node-gyp/17.8.0/include/node/openssl/macros.h:155:4: error: #error "OPENSSL_API_COMPAT expresses an impossible API compatibility level"
  155 | #  error "OPENSSL_API_COMPAT expresses an impossible API compatibility level"
      |    ^~~~~
In file included from ../src/Backend.h:9,
                 from ../src/Networking.h:69,
                 from ../src/WebSocketProtocol.h:5,
                 from ../src/WebSocket.h:4,
                 from ../src/Group.h:4,
                 from ../src/Group.cpp:1:
../src/Libuv.h: In member function ‘void uS::Poll::close(uS::Loop*, void (*)(uS::Poll*))’:
../src/Libuv.h:172:48: warning: cast between incompatible function types from ‘void (*)(uS::Poll*)’ to ‘void (*)(uS::Poll*, int, int)’ [-Wcast-function-type]
  172 |         this->cb = (void(*)(Poll *, int, int)) cb;
      |                                                ^~
../src/Libuv.h: In lambda function:
../src/Libuv.h:175:58: warning: cast between incompatible function types from ‘void (*)(uS::Poll*, int, int)’ to ‘void (*)(uS::Poll*)’ [-Wcast-function-type]
  175 |             void (*cb)(Poll *) = (void(*)(Poll *)) poll->cb;
      |                                                          ^~
make: *** [uws.target.mk:118: Release/obj.target/uws/src/Group.o] Error 1
make: Leaving directory '/home/maryanne/Documents/MORINGA/Core/Github-Search/node_modules/uws/build'
gyp ERR! build error 
gyp ERR! stack Error: `make` failed with exit code: 2
gyp ERR! stack     at ChildProcess.onExit (/home/maryanne/Documents/MORINGA/Core/Github-Search/node_modules/node-gyp/lib/build.js:194:23)
gyp ERR! stack     at ChildProcess.emit (node:events:527:28)
gyp ERR! stack     at Process.ChildProcess._handle.onexit (node:internal/child_process:291:12)
gyp ERR! System Linux 5.13.0-39-generic
gyp ERR! command "/home/maryanne/.nvm/versions/node/v17.8.0/bin/node" "/home/maryanne/Documents/MORINGA/Core/Github-Search/node_modules/.bin/node-gyp" "rebuild"
gyp ERR! cwd /home/maryanne/Documents/MORINGA/Core/Github-Search/node_modules/uws
gyp ERR! node -v v17.8.0
gyp ERR! node-gyp -v v8.4.1
gyp ERR! not ok 
